\BOOKMARK [0][-]{section*.4}{\376\377\000L\000i\000s\000t\000\040\000o\000f\000\040\000A\000b\000b\000r\000e\000v\000i\000a\000t\000i\000o\000n\000s}{}% 1
\BOOKMARK [0][-]{chapter.1}{\376\377\000S\000i\000n\000g\000l\000e\000\040\000P\000a\000r\000t\000i\000c\000l\000e\000\040\000D\000y\000n\000a\000m\000i\000c\000s}{}% 2
\BOOKMARK [1][-]{section.1.1}{\376\377\000B\000a\000s\000i\000c\000\040\000A\000c\000c\000e\000l\000e\000r\000a\000t\000o\000r\000\040\000E\000l\000e\000m\000e\000n\000t\000s}{chapter.1}% 3
\BOOKMARK [1][-]{section.1.2}{\376\377\000N\000o\000r\000m\000a\000l\000\040\000F\000o\000r\000m}{chapter.1}% 4
\BOOKMARK [1][-]{section.1.3}{\376\377\000R\000e\000s\000o\000n\000a\000n\000c\000e\000s\000\040\000i\000n\000\040\000C\000i\000r\000c\000u\000l\000a\000r\000\040\000A\000c\000c\000e\000l\000e\000r\000a\000t\000o\000r\000s}{chapter.1}% 5
\BOOKMARK [1][-]{section.1.4}{\376\377\000R\000e\000s\000o\000n\000a\000n\000c\000e\000\040\000D\000r\000i\000v\000i\000n\000g\000\040\000T\000e\000r\000m\000s}{chapter.1}% 6
\BOOKMARK [0][-]{chapter.2}{\376\377\000T\000h\000e\000\040\000F\000N\000A\000L\000\040\000R\000e\000c\000y\000c\000l\000e\000r\000\040\000R\000i\000n\000g}{}% 7
\BOOKMARK [1][-]{section.2.1}{\376\377\000G\000e\000n\000e\000r\000a\000l\000\040\000S\000p\000e\000c\000i\000f\000i\000c\000a\000t\000i\000o\000n\000s}{chapter.2}% 8
\BOOKMARK [1][-]{section.2.2}{\376\377\000T\000u\000n\000e\000\040\000D\000i\000a\000g\000r\000a\000m\000\040\000a\000n\000d\000\040\000R\000e\000s\000o\000n\000a\000n\000c\000e\000s}{chapter.2}% 9
\BOOKMARK [1][-]{section.2.3}{\376\377\000H\000i\000g\000h\000\040\000I\000n\000t\000e\000n\000s\000i\000t\000y\000\040\000a\000n\000d\000\040\000T\000u\000n\000e\000\040\000F\000o\000o\000t\000p\000r\000i\000n\000t}{chapter.2}% 10
\BOOKMARK [0][-]{chapter.3}{\376\377\000C\000o\000m\000p\000e\000n\000s\000a\000t\000i\000o\000n\000\040\000o\000f\000\040\000T\000h\000i\000r\000d\000-\000O\000r\000d\000e\000r\000\040\000R\000e\000s\000o\000n\000a\000n\000c\000e\000s\000\040\000a\000t\000\040\000L\000o\000w\000\040\000I\000n\000t\000e\000n\000s\000i\000t\000i\000e\000s}{}% 11
\BOOKMARK [1][-]{section.3.1}{\376\377\000G\000l\000o\000b\000a\000l\000\040\000R\000D\000T\000s\000\040\000a\000n\000d\000\040\000L\000a\000t\000t\000i\000c\000e\000\040\000M\000o\000d\000e\000l}{chapter.3}% 12
\BOOKMARK [1][-]{section.3.2}{\376\377\000M\000e\000a\000s\000u\000r\000e\000m\000e\000n\000t\000\040\000o\000f\000\040\000T\000h\000i\000r\000d\000\040\000O\000r\000d\000e\000r\000\040\000R\000D\000T\000s}{chapter.3}% 13
\BOOKMARK [1][-]{section.3.3}{\376\377\000C\000o\000m\000p\000e\000n\000s\000a\000t\000i\000o\000n\000\040\000o\000f\000\040\000R\000D\000T\000s}{chapter.3}% 14
\BOOKMARK [1][-]{section.3.4}{\376\377\000O\000p\000t\000i\000m\000i\000z\000a\000t\000i\000o\000n\000\040\000o\000f\000\040\000C\000o\000m\000p\000e\000n\000s\000a\000t\000i\000o\000n\000\040\000C\000u\000r\000r\000e\000n\000t\000s}{chapter.3}% 15
\BOOKMARK [1][-]{section.3.5}{\376\377\000E\000x\000p\000e\000r\000i\000m\000e\000n\000t\000a\000l\000\040\000V\000e\000r\000i\000f\000i\000c\000a\000t\000i\000o\000n\000\040\000o\000f\000\040\000C\000o\000m\000p\000e\000n\000s\000a\000t\000i\000o\000n}{chapter.3}% 16
\BOOKMARK [0][-]{chapter.4}{\376\377\000R\000e\000s\000o\000n\000a\000n\000c\000e\000\040\000C\000o\000m\000p\000e\000n\000s\000a\000t\000i\000o\000n\000\040\000S\000t\000u\000d\000i\000e\000s\000\040\000a\000t\000\040\000t\000h\000e\000\040\000C\000E\000R\000N\000\040\000P\000S\000\040\000B\000o\000o\000s\000t\000e\000r}{}% 17
\BOOKMARK [1][-]{section.4.1}{\376\377\000G\000e\000n\000e\000r\000a\000l\000\040\000s\000p\000e\000c\000i\000f\000i\000c\000a\000t\000i\000o\000n\000s}{chapter.4}% 18
\BOOKMARK [1][-]{section.4.2}{\376\377\000T\000u\000n\000e\000\040\000D\000i\000a\000g\000r\000a\000m\000\040\000a\000n\000d\000\040\000O\000p\000e\000r\000a\000t\000i\000o\000n}{chapter.4}% 19
\BOOKMARK [1][-]{section.4.3}{\376\377\000O\000p\000t\000i\000m\000i\000z\000a\000t\000i\000o\000n\000\040\000A\000l\000g\000o\000r\000i\000t\000h\000m\000s\000\040\000f\000o\000r\000\040\000R\000e\000s\000o\000n\000a\000n\000c\000e\000\040\000C\000o\000m\000p\000e\000n\000s\000a\000t\000i\000o\000n}{chapter.4}% 20
\BOOKMARK [1][-]{section.4.4}{\376\377\000E\000x\000p\000e\000r\000i\000m\000e\000n\000t\000a\000l\000\040\000V\000e\000r\000i\000f\000i\000c\000a\000t\000i\000o\000n\000\040\000o\000f\000\040\000C\000o\000m\000p\000e\000n\000s\000a\000t\000i\000o\000n}{chapter.4}% 21
\BOOKMARK [0][-]{chapter.5}{\376\377\000H\000i\000g\000h\000\040\000I\000n\000t\000e\000n\000s\000i\000t\000y\000\040\000S\000t\000u\000d\000i\000e\000s}{}% 22
\BOOKMARK [1][-]{section.5.1}{\376\377\000G\000l\000o\000b\000a\000l\000\040\000R\000D\000T\000s\000\040\000a\000n\000d\000\040\000I\000n\000t\000e\000n\000s\000i\000t\000y\000-\000D\000e\000p\000e\000n\000d\000e\000n\000t\000\040\000E\000f\000f\000e\000c\000t\000s}{chapter.5}% 23
\BOOKMARK [1][-]{section.5.2}{\376\377\000S\000p\000a\000c\000e\000\040\000C\000h\000a\000r\000g\000e\000\040\000T\000u\000n\000e\000\040\000S\000h\000i\000f\000t}{chapter.5}% 24
\BOOKMARK [1][-]{section.5.3}{\376\377\000M\000e\000a\000s\000u\000r\000e\000m\000e\000n\000t\000\040\000o\000f\000\040\000T\000u\000n\000e\000\040\000S\000h\000i\000f\000t}{chapter.5}% 25
\BOOKMARK [1][-]{section.5.4}{\376\377\000S\000t\000a\000t\000i\000c\000\040\000T\000u\000n\000e\000\040\000S\000c\000a\000n\000s\000\040\000a\000t\000\040\000D\000i\000f\000f\000e\000r\000e\000n\000t\000\040\000I\000n\000t\000e\000n\000s\000i\000t\000i\000e\000s}{chapter.5}% 26
\BOOKMARK [0][-]{chapter.6}{\376\377\000C\000o\000n\000c\000l\000u\000s\000i\000o\000n\000s\000\040\000a\000n\000d\000\040\000F\000u\000t\000u\000r\000e\000\040\000W\000o\000r\000k}{}% 27
\BOOKMARK [0][-]{section*.6}{\376\377\000B\000i\000b\000l\000i\000o\000g\000r\000a\000p\000h\000y}{}% 28
\BOOKMARK [0][-]{appendix.10}{\376\377\000Y\000o\000u\000r\000\040\000a\000p\000p\000e\000n\000d\000i\000x}{}% 29
